2024-10-18 12:51:28,515 : DEBUG : test_e2e: 
 **************  START NEW RUN  **************
2024-10-18 12:51:29,508 : DEBUG : test_e2e: Testing the DEBUG level logging without initializing
2024-10-18 12:51:29,508 : DEBUG : test_e2e: 200
2024-10-18 12:51:29,509 : DEBUG : test_e2e: {'token': '5e5bb2ae7080d5e'}
2024-10-18 12:59:58,914 : DEBUG : test_e2e: 
 **************  START NEW RUN  **************
2024-10-18 13:00:36,806 : DEBUG : test_e2e: 
 **************  START NEW RUN  **************
2024-10-18 13:00:37,805 : DEBUG : test_e2e: Testing the DEBUG level logging without initializing
2024-10-18 13:00:37,806 : DEBUG : test_e2e: 200
2024-10-18 13:00:37,806 : DEBUG : test_e2e: {'token': '4f079e9619db70c'}
2024-10-18 13:01:01,569 : DEBUG : test_e2e: 
 **************  START NEW RUN  **************
2024-10-18 13:01:02,535 : DEBUG : test_e2e: Testing the DEBUG level logging without initializing
2024-10-18 13:01:02,535 : DEBUG : test_e2e: 200
2024-10-18 13:01:02,536 : DEBUG : test_e2e: {'token': '3661f17d3eb112e'}
2024-10-18 13:01:40,429 : DEBUG : test_e2e: 
 **************  START NEW RUN  **************
2024-10-18 13:02:03,207 : DEBUG : test_e2e: 
 **************  START NEW RUN  **************
2024-10-18 13:02:04,243 : DEBUG : test_e2e: Testing the DEBUG level logging without initializing
2024-10-18 13:02:04,243 : DEBUG : test_e2e: 200
2024-10-18 13:02:04,244 : DEBUG : test_e2e: {'token': '3069a6fc5b2be22'}
2024-10-18 13:03:13,246 : DEBUG : test_e2e: 
 **************  START NEW RUN  **************
2024-10-18 13:03:14,215 : DEBUG : test_e2e: Testing the DEBUG level logging without initializing
2024-10-18 13:03:14,216 : DEBUG : test_e2e: 200
2024-10-18 13:03:14,216 : DEBUG : test_e2e: {'token': '99dcc9d2b902615'}
2024-10-18 13:03:43,144 : DEBUG : test_e2e: 
 **************  START NEW RUN  **************
2024-10-18 13:03:44,171 : DEBUG : test_e2e: Testing the DEBUG level logging without initializing
2024-10-18 13:03:44,172 : DEBUG : test_e2e: 200
2024-10-18 13:03:44,172 : DEBUG : test_e2e: {'token': 'f4ba87dfea4324e'}
2024-10-18 13:05:00,133 : DEBUG : test_e2e: 
 **************  START NEW RUN  **************
2024-10-18 13:05:01,083 : DEBUG : test_e2e: Testing the DEBUG level logging without initializing
2024-10-18 13:05:01,083 : DEBUG : test_e2e: 200
2024-10-18 13:05:01,084 : DEBUG : test_e2e: {'token': 'dd08cbd1ef74f41'}
2024-10-18 13:07:08,346 : DEBUG : test_e2e: 
 **************  START NEW RUN  **************
2024-10-18 13:07:09,364 : DEBUG : test_e2e: Testing the DEBUG level logging without initializing
2024-10-18 13:07:09,364 : DEBUG : test_e2e: 200
2024-10-18 13:07:09,364 : DEBUG : test_e2e: {'token': 'a4b0c3b5f045018'}
